<?xml version="1.0" encoding="UTF-8"?>
<!-- Generated by org.testng.reporters.JUnitXMLReporter -->
<testsuite hostname="DESKTOP-SH3HIOG" ignored="0" name="Surefire test" tests="1" failures="1" timestamp="2020-02-22T07:14:42 IST" time="14.771" errors="0">
  <testcase name="LoginBtnClick" time="0.002" classname="com.crm.qa.tests.HomePagesTest">
    <failure type="java.lang.NullPointerException">
      <![CDATA[java.lang.NullPointerException
at org.openqa.selenium.support.pagefactory.DefaultElementLocator.findElement(DefaultElementLocator.java:69)
at org.openqa.selenium.support.pagefactory.internal.LocatingElementHandler.invoke(LocatingElementHandler.java:38)
at com.sun.proxy.$Proxy7.click(Unknown Source)
at com.crm.qa.pages.HomePages.login_btn_click(HomePages.java:21)
at com.crm.qa.tests.HomePagesTest.LoginBtnClick(HomePagesTest.java:30)
at java.util.ArrayList.forEach(ArrayList.java:1257)
... Removed 32 stack frames]]>
    </failure>
  </testcase> <!-- LoginBtnClick -->
</testsuite> <!-- Surefire test -->
