-------------------------------------------------------------------------------
Test set: com.crm.qa.tests.HomePagesTest
-------------------------------------------------------------------------------
Tests run: 1, Failures: 1, Errors: 0, Skipped: 0, Time elapsed: 15.638 s <<< FAILURE! - in com.crm.qa.tests.HomePagesTest
com.crm.qa.tests.HomePagesTest.LoginBtnClick  Time elapsed: 0.028 s  <<< FAILURE!
java.lang.NullPointerException
	at com.crm.qa.tests.HomePagesTest.LoginBtnClick(HomePagesTest.java:30)

